This is pdfTeX, Version 3.141592653-2.6-1.40.23 (MiKTeX 21.7) (preloaded format=latex 2022.9.4)  4 SEP 2022 14:30
entering extended mode
**C:/Users/imedk/AppData/Local/Temp/RtmpUHeRjy/chunk-code-3f345970b92.txt
(C:/Users/imedk/AppData/Local/Temp/RtmpUHeRjy/chunk-code-3f345970b92.txt
LaTeX2e <2021-06-01> patch level 1
L3 programming layer <2021-07-12>

! LaTeX Error: Missing \begin{document}.

See the LaTeX manual or LaTeX Companion for explanation.
Type  H <return>  for immediate help.
 ...                                              
                                                  
l.1 \begin{equation}
                     \label{eq1}
? 
! Emergency stop.
 ...                                              
                                                  
l.1 \begin{equation}
                     \label{eq1}
You're in trouble here.  Try typing  <return>  to proceed.
If that doesn't work, type  X <return>  to quit.

 
Here is how much of TeX's memory you used:
 20 strings out of 478871
 727 string characters out of 2848863
 291242 words of memory out of 3000000
 18035 multiletter control sequences out of 15000+600000
 403430 words of font info for 27 fonts, out of 8000000 for 9000
 1141 hyphenation exceptions out of 8191
 13i,0n,12p,132b,22s stack positions out of 5000i,500n,10000p,200000b,80000s
No pages of output.
