This is XeTeX, Version 3.14159265-2.6-0.999992 (TeX Live 2020/W32TeX) (preloaded format=xelatex 2020.12.1)  19 JUN 2023 11:37
entering extended mode
 restricted \write18 enabled.
 %&-line parsing enabled.
**cips.tex
(./cips.tex
LaTeX2e <2020-10-01> patch level 2
L3 programming layer <2020-10-27> xparse <2020-03-03>

! LaTeX Error: File `beamer.cls' not found.

Type X to quit or <RETURN> to proceed,
or enter new name. (Default extension: cls)

Enter file name: 
! Emergency stop.
<read *> 
         
l.8 \usepackage
               {pgfpages}^^M 
Here is how much of TeX's memory you used:
 21 strings out of 479426
 346 string characters out of 5879320
 270354 words of memory out of 5000000
 19488 multiletter control sequences out of 15000+600000
 535088 words of font info for 29 fonts, out of 8000000 for 9000
 14 hyphenation exceptions out of 8191
 32i,0n,39p,79b,13s stack positions out of 5000i,500n,10000p,200000b,80000s

No pages of output.
